<?xml version="1.0" encoding="UTF-8"?>
<coverage generated="1705519802211" clover="3.2.0">
  <project timestamp="1705519802211" name="All files">
    <metrics statements="9" coveredstatements="8" conditionals="2" coveredconditionals="2" methods="2" coveredmethods="2" elements="13" coveredelements="12" complexity="0" loc="9" ncloc="9" packages="2" files="2" classes="2"/>
    <package name="controllers">
      <metrics statements="8" coveredstatements="7" conditionals="2" coveredconditionals="2" methods="1" coveredmethods="1"/>
      <file name="signup.ts" path="/home/desenvolvimento/Documents/myProjects/clean-node-api/src/presentation/controllers/signup.ts">
        <metrics statements="8" coveredstatements="7" conditionals="2" coveredconditionals="2" methods="1" coveredmethods="1"/>
        <line num="1" count="1" type="stmt"/>
        <line num="3" count="1" type="stmt"/>
        <line num="4" count="1" type="stmt"/>
        <line num="6" count="2" type="cond" truecount="1" falsecount="0"/>
        <line num="7" count="1" type="stmt"/>
        <line num="9" count="1" type="cond" truecount="1" falsecount="0"/>
        <line num="10" count="1" type="stmt"/>
        <line num="12" count="0" type="stmt"/>
      </file>
    </package>
    <package name="helpers">
      <metrics statements="1" coveredstatements="1" conditionals="0" coveredconditionals="0" methods="1" coveredmethods="1"/>
      <file name="http-helper.ts" path="/home/desenvolvimento/Documents/myProjects/clean-node-api/src/presentation/helpers/http-helper.ts">
        <metrics statements="1" coveredstatements="1" conditionals="0" coveredconditionals="0" methods="1" coveredmethods="1"/>
        <line num="2" count="2" type="stmt"/>
      </file>
    </package>
  </project>
</coverage>
