TN:
SF:src/presentation/controllers/signup.ts
FN:14,(anonymous_0)
FN:19,(anonymous_1)
FNF:2
FNH:2
FNDA:9,(anonymous_0)
FNDA:9,(anonymous_1)
DA:1,1
DA:3,1
DA:6,1
DA:7,1
DA:10,1
DA:15,9
DA:16,9
DA:20,9
DA:21,9
DA:27,9
DA:28,30
DA:29,4
DA:32,5
DA:33,5
DA:34,1
DA:36,4
DA:37,3
DA:38,1
DA:40,2
DA:45,2
DA:48,1
LF:21
LH:21
BRDA:28,0,0,4
BRDA:33,1,0,1
BRDA:37,2,0,1
BRDA:37,2,1,2
BRF:4
BRH:4
end_of_record
TN:
SF:src/presentation/helpers/http-helper.ts
FN:2,(anonymous_0)
FN:5,(anonymous_1)
FNF:2
FNH:2
FNDA:6,(anonymous_0)
FNDA:2,(anonymous_1)
DA:2,6
DA:5,2
LF:2
LH:2
BRF:0
BRH:0
end_of_record
